Using pre-set license
Built from '2020.3/staging' branch; Version is '2020.3.20f1 (41c4e627c95f) revision 4310246'; Using compiler version '192528614'; Build Type 'Release'
OS: 'Windows 10 Home; OS build 22000.2538; Version 2009; 64bit' Language: 'it' Physical Memory: 16179 MB
BatchMode: 1, IsHumanControllingUs: 0, StartBugReporterOnCrash: 0, Is64bit: 1, IsPro: 0

COMMAND LINE ARGUMENTS:
C:\Program Files\Unity\Hub\Editor\2020.3.20f1\Editor\Unity.exe
-adb2
-batchMode
-noUpm
-name
AssetImportWorker0
-projectPath
C:/Users/co72/OneDrive/Desktop/Progetti/SVILUPPO_GIOCHI/Mario&Yoshi_NesLike
-logFile
Logs/AssetImportWorker0.log
-srvPort
65165
Successfully changed project path to: C:/Users/co72/OneDrive/Desktop/Progetti/SVILUPPO_GIOCHI/Mario&Yoshi_NesLike
C:/Users/co72/OneDrive/Desktop/Progetti/SVILUPPO_GIOCHI/Mario&Yoshi_NesLike
Using Asset Import Pipeline V2.
Refreshing native plugins compatible for Editor in 32.81 ms, found 3 plugins.
Preloading 0 native plugins for Editor in 0.00 ms.
Initialize engine version: 2020.3.20f1 (41c4e627c95f)
[Subsystems] Discovering subsystems at path C:/Program Files/Unity/Hub/Editor/2020.3.20f1/Editor/Data/Resources/UnitySubsystems
[Subsystems] Discovering subsystems at path C:/Users/co72/OneDrive/Desktop/Progetti/SVILUPPO_GIOCHI/Mario&Yoshi_NesLike/Assets
GfxDevice: creating device client; threaded=0
Direct3D:
    Version:  Direct3D 11.0 [level 11.1]
    Renderer: NVIDIA GeForce GTX 1650 (ID=0x1f9d)
    Vendor:   
    VRAM:     3950 MB
    Driver:   31.0.15.4629
Initialize mono
Mono path[0] = 'C:/Program Files/Unity/Hub/Editor/2020.3.20f1/Editor/Data/Managed'
Mono path[1] = 'C:/Program Files/Unity/Hub/Editor/2020.3.20f1/Editor/Data/MonoBleedingEdge/lib/mono/unityjit'
Mono config path = 'C:/Program Files/Unity/Hub/Editor/2020.3.20f1/Editor/Data/MonoBleedingEdge/etc'
Using monoOptions --debugger-agent=transport=dt_socket,embedding=1,server=y,suspend=n,address=127.0.0.1:56668
Begin MonoManager ReloadAssembly
Registering precompiled unity dll's ...
Register platform support module: C:/Program Files/Unity/Hub/Editor/2020.3.20f1/Editor/Data/PlaybackEngines/WindowsStandaloneSupport/UnityEditor.WindowsStandalone.Extensions.dll
Registered in 0.001526 seconds.
Native extension for WindowsStandalone target not found
Refreshing native plugins compatible for Editor in 33.65 ms, found 3 plugins.
Preloading 0 native plugins for Editor in 0.00 ms.
Mono: successfully reloaded assembly
- Completed reload, in  0.925 seconds
Domain Reload Profiling:
	ReloadAssembly (926ms)
		BeginReloadAssembly (44ms)
			ExecutionOrderSort (0ms)
			DisableScriptedObjects (0ms)
			BackupInstance (0ms)
			ReleaseScriptingObjects (0ms)
			CreateAndSetChildDomain (1ms)
		EndReloadAssembly (326ms)
			LoadAssemblies (42ms)
			RebuildTransferFunctionScriptingTraits (0ms)
			SetupTypeCache (112ms)
			ReleaseScriptCaches (0ms)
			RebuildScriptCaches (24ms)
			SetupLoadedEditorAssemblies (134ms)
				LogAssemblyErrors (0ms)
				InitializePlatformSupportModulesInManaged (3ms)
				SetLoadedEditorAssemblies (0ms)
				RefreshPlugins (34ms)
				BeforeProcessingInitializeOnLoad (11ms)
				ProcessInitializeOnLoadAttributes (65ms)
				ProcessInitializeOnLoadMethodAttributes (21ms)
				AfterProcessingInitializeOnLoad (0ms)
				EditorAssembliesLoaded (0ms)
			ExecutionOrderSort2 (0ms)
			AwakeInstancesAfterBackupRestoration (0ms)
Platform modules already initialized, skipping
Registering precompiled user dll's ...
Registered in 0.002491 seconds.
Begin MonoManager ReloadAssembly
Native extension for WindowsStandalone target not found
Refreshing native plugins compatible for Editor in 45.61 ms, found 3 plugins.
Preloading 0 native plugins for Editor in 0.00 ms.
Mono: successfully reloaded assembly
- Completed reload, in  0.929 seconds
Domain Reload Profiling:
	ReloadAssembly (930ms)
		BeginReloadAssembly (112ms)
			ExecutionOrderSort (0ms)
			DisableScriptedObjects (3ms)
			BackupInstance (0ms)
			ReleaseScriptingObjects (0ms)
			CreateAndSetChildDomain (17ms)
		EndReloadAssembly (763ms)
			LoadAssemblies (92ms)
			RebuildTransferFunctionScriptingTraits (0ms)
			SetupTypeCache (238ms)
			ReleaseScriptCaches (0ms)
			RebuildScriptCaches (37ms)
			SetupLoadedEditorAssemblies (291ms)
				LogAssemblyErrors (0ms)
				InitializePlatformSupportModulesInManaged (3ms)
				SetLoadedEditorAssemblies (0ms)
				RefreshPlugins (46ms)
				BeforeProcessingInitializeOnLoad (67ms)
				ProcessInitializeOnLoadAttributes (158ms)
				ProcessInitializeOnLoadMethodAttributes (11ms)
				AfterProcessingInitializeOnLoad (5ms)
				EditorAssembliesLoaded (0ms)
			ExecutionOrderSort2 (0ms)
			AwakeInstancesAfterBackupRestoration (6ms)
Platform modules already initialized, skipping
========================================================================
Worker process is ready to serve import requests
Launched and connected shader compiler UnityShaderCompiler.exe after 0.06 seconds
Refreshing native plugins compatible for Editor in 0.44 ms, found 3 plugins.
Preloading 0 native plugins for Editor in 0.00 ms.
Unloading 2101 Unused Serialized files (Serialized files now loaded: 0)
System memory in use before: 94.6 MB.
System memory in use after: 94.7 MB.

Unloading 25 unused Assets to reduce memory usage. Loaded Objects now: 2548.
Total: 3.399400 ms (FindLiveObjects: 0.147000 ms CreateObjectMapping: 0.045800 ms MarkObjects: 3.134500 ms  DeleteObjects: 0.070400 ms)

AssetImportParameters requested are different than current active one (requested -> active):
  custom:framework-win-MediaFoundation: 216162199b28c13a410421893ffa2e32 -> 
  custom:video-decoder-ogg-theora: a1e56fd34408186e4bbccfd4996cb3dc -> 
  custom:container-muxer-webm: aa71ff27fc2769a1b78a27578f13a17b -> 
  custom:container-demuxer-webm: 4f35f7cbe854078d1ac9338744f61a02 -> 
  custom:container-demuxer-ogg: 62fdf1f143b41e24485cea50d1cbac27 -> 
  custom:video-encoder-webm-vp8: eb34c28f22e8b96e1ab97ce403110664 -> 
  custom:video-decoder-webm-vp8: 9c59270c3fd7afecdb556c50c9e8de78 -> 
  custom:audio-decoder-ogg-vorbis: bf7c407c2cedff20999df2af8eb42d56 -> 
  custom:audio-encoder-webm-vorbis: bf7c407c2cedff20999df2af8eb42d56 -> 
========================================================================
Received Import Request.
  path: Assets/Images/Player/drmario_back.png
  artifactKey: Guid(04dcca969459c6541914821730e6cb0a) Importer(815301076,1909f56bfc062723c751e8b465ee728b)
Start importing Assets/Images/Player/drmario_back.png using Guid(04dcca969459c6541914821730e6cb0a) Importer(815301076,1909f56bfc062723c751e8b465ee728b)  -> (artifact id: 'dd3149fd5efd19ecc5bcf10febf1c85e') in 0.114580 seconds 
  Import took 0.117726 seconds .

========================================================================
Received Import Request.
  Time since last request: 0.000335 seconds.
  path: Assets/Images/Player/drmario_front.png
  artifactKey: Guid(0fd50a5fbb6d6ad46bb70529cac67fd3) Importer(815301076,1909f56bfc062723c751e8b465ee728b)
Start importing Assets/Images/Player/drmario_front.png using Guid(0fd50a5fbb6d6ad46bb70529cac67fd3) Importer(815301076,1909f56bfc062723c751e8b465ee728b)  -> (artifact id: 'dbe5b2a70924cf591492e0100006eb01') in 0.019565 seconds 
  Import took 0.024560 seconds .

========================================================================
Received Import Request.
  Time since last request: 8.067616 seconds.
  path: Assets/Images/Player/drmario_back.png
  artifactKey: Guid(04dcca969459c6541914821730e6cb0a) Importer(815301076,1909f56bfc062723c751e8b465ee728b)
Start importing Assets/Images/Player/drmario_back.png using Guid(04dcca969459c6541914821730e6cb0a) Importer(815301076,1909f56bfc062723c751e8b465ee728b)  -> (artifact id: 'df16843b2905079a336b3572d580df3d') in 0.019086 seconds 
  Import took 0.023570 seconds .

========================================================================
Received Import Request.
  Time since last request: 0.005895 seconds.
  path: Assets/Images/Player/drmario_front.png
  artifactKey: Guid(0fd50a5fbb6d6ad46bb70529cac67fd3) Importer(815301076,1909f56bfc062723c751e8b465ee728b)
Start importing Assets/Images/Player/drmario_front.png using Guid(0fd50a5fbb6d6ad46bb70529cac67fd3) Importer(815301076,1909f56bfc062723c751e8b465ee728b)  -> (artifact id: '7810ea0d5c55c62ca30d34b2401507ab') in 0.023332 seconds 
  Import took 0.027872 seconds .

========================================================================
Received Import Request.
  Time since last request: 33.336267 seconds.
  path: Assets/Images/Player/drmario_front.png
  artifactKey: Guid(0fd50a5fbb6d6ad46bb70529cac67fd3) Importer(815301076,1909f56bfc062723c751e8b465ee728b)
Start importing Assets/Images/Player/drmario_front.png using Guid(0fd50a5fbb6d6ad46bb70529cac67fd3) Importer(815301076,1909f56bfc062723c751e8b465ee728b)  -> (artifact id: 'f6074b303f147700de23940d08e4b9eb') in 0.014695 seconds 
  Import took 0.019088 seconds .

========================================================================
Received Import Request.
  Time since last request: 7.630259 seconds.
  path: Assets/Images/Player/drmario_front.png
  artifactKey: Guid(0fd50a5fbb6d6ad46bb70529cac67fd3) Importer(815301076,1909f56bfc062723c751e8b465ee728b)
Start importing Assets/Images/Player/drmario_front.png using Guid(0fd50a5fbb6d6ad46bb70529cac67fd3) Importer(815301076,1909f56bfc062723c751e8b465ee728b)  -> (artifact id: '99be39cf3fd8ab1e3488d3b5c0facde5') in 0.065292 seconds 
  Import took 0.068564 seconds .

========================================================================
Received Import Request.
  Time since last request: 5.099576 seconds.
  path: Assets/Images/Player/drmario_back.png
  artifactKey: Guid(04dcca969459c6541914821730e6cb0a) Importer(815301076,1909f56bfc062723c751e8b465ee728b)
Start importing Assets/Images/Player/drmario_back.png using Guid(04dcca969459c6541914821730e6cb0a) Importer(815301076,1909f56bfc062723c751e8b465ee728b)  -> (artifact id: '1760d85bcd6188f0779ff0e4b89fb7d6') in 0.015814 seconds 
  Import took 0.020725 seconds .

========================================================================
Received Import Request.
  Time since last request: 3.485499 seconds.
  path: Assets/Images/Player/drmario_back.png
  artifactKey: Guid(04dcca969459c6541914821730e6cb0a) Importer(815301076,1909f56bfc062723c751e8b465ee728b)
Start importing Assets/Images/Player/drmario_back.png using Guid(04dcca969459c6541914821730e6cb0a) Importer(815301076,1909f56bfc062723c751e8b465ee728b)  -> (artifact id: '1d8ba4505ad67d55c3c7d6abebdfe3b7') in 0.063717 seconds 
  Import took 0.066799 seconds .

========================================================================
Received Prepare
Registering precompiled user dll's ...
Registered in 0.003357 seconds.
Begin MonoManager ReloadAssembly
Native extension for WindowsStandalone target not found
Refreshing native plugins compatible for Editor in 0.51 ms, found 3 plugins.
Preloading 0 native plugins for Editor in 0.00 ms.
Mono: successfully reloaded assembly
- Completed reload, in  1.056 seconds
Domain Reload Profiling:
	ReloadAssembly (1056ms)
		BeginReloadAssembly (141ms)
			ExecutionOrderSort (0ms)
			DisableScriptedObjects (5ms)
			BackupInstance (0ms)
			ReleaseScriptingObjects (0ms)
			CreateAndSetChildDomain (46ms)
		EndReloadAssembly (841ms)
			LoadAssemblies (106ms)
			RebuildTransferFunctionScriptingTraits (0ms)
			SetupTypeCache (295ms)
			ReleaseScriptCaches (1ms)
			RebuildScriptCaches (39ms)
			SetupLoadedEditorAssemblies (334ms)
				LogAssemblyErrors (0ms)
				InitializePlatformSupportModulesInManaged (52ms)
				SetLoadedEditorAssemblies (1ms)
				RefreshPlugins (1ms)
				BeforeProcessingInitializeOnLoad (98ms)
				ProcessInitializeOnLoadAttributes (174ms)
				ProcessInitializeOnLoadMethodAttributes (5ms)
				AfterProcessingInitializeOnLoad (5ms)
				EditorAssembliesLoaded (0ms)
			ExecutionOrderSort2 (0ms)
			AwakeInstancesAfterBackupRestoration (8ms)
Platform modules already initialized, skipping
Refreshing native plugins compatible for Editor in 0.53 ms, found 3 plugins.
Preloading 0 native plugins for Editor in 0.00 ms.
Unloading 2091 Unused Serialized files (Serialized files now loaded: 0)
System memory in use before: 97.0 MB.
System memory in use after: 97.2 MB.

Unloading 14 unused Assets to reduce memory usage. Loaded Objects now: 2559.
Total: 3.373900 ms (FindLiveObjects: 0.135800 ms CreateObjectMapping: 0.070000 ms MarkObjects: 3.136900 ms  DeleteObjects: 0.029900 ms)

AssetImportParameters requested are different than current active one (requested -> active):
  custom:framework-win-MediaFoundation: 216162199b28c13a410421893ffa2e32 -> 
  custom:video-decoder-ogg-theora: a1e56fd34408186e4bbccfd4996cb3dc -> 
  custom:container-muxer-webm: aa71ff27fc2769a1b78a27578f13a17b -> 
  custom:container-demuxer-webm: 4f35f7cbe854078d1ac9338744f61a02 -> 
  custom:container-demuxer-ogg: 62fdf1f143b41e24485cea50d1cbac27 -> 
  custom:video-encoder-webm-vp8: eb34c28f22e8b96e1ab97ce403110664 -> 
  custom:video-decoder-webm-vp8: 9c59270c3fd7afecdb556c50c9e8de78 -> 
  custom:audio-decoder-ogg-vorbis: bf7c407c2cedff20999df2af8eb42d56 -> 
  custom:audio-encoder-webm-vorbis: bf7c407c2cedff20999df2af8eb42d56 -> 
========================================================================
Received Import Request.
  Time since last request: 46.337185 seconds.
  path: Assets/Scripts/GameManager.cs
  artifactKey: Guid(353ed2e59f731f54bb705622823f8db2) Importer(815301076,1909f56bfc062723c751e8b465ee728b)
Start importing Assets/Scripts/GameManager.cs using Guid(353ed2e59f731f54bb705622823f8db2) Importer(815301076,1909f56bfc062723c751e8b465ee728b)  -> (artifact id: 'f67620ddcb9e7d800fd063f4a670b4c2') in 0.011086 seconds 
  Import took 0.014426 seconds .

========================================================================
Received Import Request.
  Time since last request: 34.964673 seconds.
  path: Assets/Animations/Animator/Player.controller
  artifactKey: Guid(522c04e09bc10f948ac117e457a753af) Importer(815301076,1909f56bfc062723c751e8b465ee728b)
Start importing Assets/Animations/Animator/Player.controller using Guid(522c04e09bc10f948ac117e457a753af) Importer(815301076,1909f56bfc062723c751e8b465ee728b)  -> (artifact id: '62febdc3e1436866129118b71b8ba11f') in 0.023057 seconds 
  Import took 0.027614 seconds .

========================================================================
Received Prepare
Registering precompiled user dll's ...
Registered in 0.002424 seconds.
Begin MonoManager ReloadAssembly
Native extension for WindowsStandalone target not found
Refreshing native plugins compatible for Editor in 0.60 ms, found 3 plugins.
Preloading 0 native plugins for Editor in 0.00 ms.
Mono: successfully reloaded assembly
- Completed reload, in  0.786 seconds
Domain Reload Profiling:
	ReloadAssembly (787ms)
		BeginReloadAssembly (98ms)
			ExecutionOrderSort (0ms)
			DisableScriptedObjects (5ms)
			BackupInstance (0ms)
			ReleaseScriptingObjects (0ms)
			CreateAndSetChildDomain (32ms)
		EndReloadAssembly (640ms)
			LoadAssemblies (75ms)
			RebuildTransferFunctionScriptingTraits (0ms)
			SetupTypeCache (214ms)
			ReleaseScriptCaches (1ms)
			RebuildScriptCaches (34ms)
			SetupLoadedEditorAssemblies (238ms)
				LogAssemblyErrors (0ms)
				InitializePlatformSupportModulesInManaged (6ms)
				SetLoadedEditorAssemblies (0ms)
				RefreshPlugins (1ms)
				BeforeProcessingInitializeOnLoad (76ms)
				ProcessInitializeOnLoadAttributes (146ms)
				ProcessInitializeOnLoadMethodAttributes (4ms)
				AfterProcessingInitializeOnLoad (5ms)
				EditorAssembliesLoaded (0ms)
			ExecutionOrderSort2 (0ms)
			AwakeInstancesAfterBackupRestoration (8ms)
Platform modules already initialized, skipping
Refreshing native plugins compatible for Editor in 0.50 ms, found 3 plugins.
Preloading 0 native plugins for Editor in 0.00 ms.
Unloading 2091 Unused Serialized files (Serialized files now loaded: 0)
System memory in use before: 97.1 MB.
System memory in use after: 97.2 MB.

Unloading 14 unused Assets to reduce memory usage. Loaded Objects now: 2562.
Total: 3.004100 ms (FindLiveObjects: 0.194200 ms CreateObjectMapping: 0.063000 ms MarkObjects: 2.709000 ms  DeleteObjects: 0.036700 ms)

AssetImportParameters requested are different than current active one (requested -> active):
  custom:framework-win-MediaFoundation: 216162199b28c13a410421893ffa2e32 -> 
  custom:video-decoder-ogg-theora: a1e56fd34408186e4bbccfd4996cb3dc -> 
  custom:container-muxer-webm: aa71ff27fc2769a1b78a27578f13a17b -> 
  custom:container-demuxer-webm: 4f35f7cbe854078d1ac9338744f61a02 -> 
  custom:container-demuxer-ogg: 62fdf1f143b41e24485cea50d1cbac27 -> 
  custom:video-encoder-webm-vp8: eb34c28f22e8b96e1ab97ce403110664 -> 
  custom:video-decoder-webm-vp8: 9c59270c3fd7afecdb556c50c9e8de78 -> 
  custom:audio-decoder-ogg-vorbis: bf7c407c2cedff20999df2af8eb42d56 -> 
  custom:audio-encoder-webm-vorbis: bf7c407c2cedff20999df2af8eb42d56 -> 
========================================================================
Received Import Request.
  Time since last request: 26.778476 seconds.
  path: Assets/Animations/mario_front_idle 1.anim
  artifactKey: Guid(53d9e34567a61394591728b2934217dc) Importer(815301076,1909f56bfc062723c751e8b465ee728b)
Start importing Assets/Animations/mario_front_idle 1.anim using Guid(53d9e34567a61394591728b2934217dc) Importer(815301076,1909f56bfc062723c751e8b465ee728b)  -> (artifact id: '7f93f6679cdeaeeedc231db81b23c57c') in 0.023702 seconds 
  Import took 0.027617 seconds .

========================================================================
Received Import Request.
  Time since last request: 6.116480 seconds.
  path: Assets/Animations/drmario_front_idle.anim
  artifactKey: Guid(53d9e34567a61394591728b2934217dc) Importer(815301076,1909f56bfc062723c751e8b465ee728b)
Start importing Assets/Animations/drmario_front_idle.anim using Guid(53d9e34567a61394591728b2934217dc) Importer(815301076,1909f56bfc062723c751e8b465ee728b)  -> (artifact id: '07946103768c0b11edd3994105efb38b') in 0.011322 seconds 
  Import took 0.015461 seconds .

========================================================================
Received Import Request.
  Time since last request: 53.407757 seconds.
  path: Assets/Animations/goomba_animation.anim
  artifactKey: Guid(623a33ee4aa7e1e46905687e6d2a2a0b) Importer(815301076,1909f56bfc062723c751e8b465ee728b)
Start importing Assets/Animations/goomba_animation.anim using Guid(623a33ee4aa7e1e46905687e6d2a2a0b) Importer(815301076,1909f56bfc062723c751e8b465ee728b)  -> (artifact id: '13163f05e8ef325be5f1fd6379684385') in 0.010710 seconds 
  Import took 0.014707 seconds .

========================================================================
Received Import Request.
  Time since last request: 29.716409 seconds.
  path: Assets/Animations/drmario_front_idle.anim
  artifactKey: Guid(53d9e34567a61394591728b2934217dc) Importer(815301076,1909f56bfc062723c751e8b465ee728b)
Start importing Assets/Animations/drmario_front_idle.anim using Guid(53d9e34567a61394591728b2934217dc) Importer(815301076,1909f56bfc062723c751e8b465ee728b)  -> (artifact id: 'ba93ebc832d7fe80b82809d5b7448d0b') in 0.003760 seconds 
  Import took 0.008089 seconds .

========================================================================
Received Import Request.
  Time since last request: 1.221482 seconds.
  path: Assets/Animations/drmario_front_idle 1.anim
  artifactKey: Guid(7c3bb628adc96e645953e891bf6cf02a) Importer(815301076,1909f56bfc062723c751e8b465ee728b)
Start importing Assets/Animations/drmario_front_idle 1.anim using Guid(7c3bb628adc96e645953e891bf6cf02a) Importer(815301076,1909f56bfc062723c751e8b465ee728b)  -> (artifact id: '7d8b797a2c43be0bdc8003ab93a4f56f') in 0.010734 seconds 
  Import took 0.015999 seconds .

========================================================================
Received Import Request.
  Time since last request: 10.354937 seconds.
  path: Assets/Animations/drmario_back_idle.anim
  artifactKey: Guid(7c3bb628adc96e645953e891bf6cf02a) Importer(815301076,1909f56bfc062723c751e8b465ee728b)
Start importing Assets/Animations/drmario_back_idle.anim using Guid(7c3bb628adc96e645953e891bf6cf02a) Importer(815301076,1909f56bfc062723c751e8b465ee728b)  -> (artifact id: '92fc7f08835e690fba0acd1286b733b6') in 0.011471 seconds 
  Import took 0.015013 seconds .

========================================================================
Received Import Request.
  Time since last request: 41.998817 seconds.
  path: Assets/Animations/Animator/Player.controller
  artifactKey: Guid(522c04e09bc10f948ac117e457a753af) Importer(815301076,1909f56bfc062723c751e8b465ee728b)
Start importing Assets/Animations/Animator/Player.controller using Guid(522c04e09bc10f948ac117e457a753af) Importer(815301076,1909f56bfc062723c751e8b465ee728b)  -> (artifact id: '2ab4888ad28d4fa07e55ff91c23031c9') in 0.016118 seconds 
  Import took 0.019914 seconds .

========================================================================
Received Import Request.
  Time since last request: 5.147116 seconds.
  path: Assets/Animations/Animator/Player 1.controller
  artifactKey: Guid(a055f0b0a487b2942b3564b3f1299e6f) Importer(815301076,1909f56bfc062723c751e8b465ee728b)
Start importing Assets/Animations/Animator/Player 1.controller using Guid(a055f0b0a487b2942b3564b3f1299e6f) Importer(815301076,1909f56bfc062723c751e8b465ee728b)  -> (artifact id: '29f1fe44e1f664fa0c8ff9c2245b3fac') in 0.012682 seconds 
  Import took 0.016722 seconds .

========================================================================
Received Import Request.
  Time since last request: 4.095811 seconds.
  path: Assets/Animations/Animator/drMario.controller
  artifactKey: Guid(a055f0b0a487b2942b3564b3f1299e6f) Importer(815301076,1909f56bfc062723c751e8b465ee728b)
Start importing Assets/Animations/Animator/drMario.controller using Guid(a055f0b0a487b2942b3564b3f1299e6f) Importer(815301076,1909f56bfc062723c751e8b465ee728b)  -> (artifact id: '053eff014875bf1108cf9ec62ba7194a') in 0.010658 seconds 
  Import took 0.014102 seconds .

========================================================================
Received Import Request.
  Time since last request: 8.478695 seconds.
  path: Assets/Animations/Animator/piranhaAnimator.controller
  artifactKey: Guid(43d2c3365005fed4480403df3f026417) Importer(815301076,1909f56bfc062723c751e8b465ee728b)
Start importing Assets/Animations/Animator/piranhaAnimator.controller using Guid(43d2c3365005fed4480403df3f026417) Importer(815301076,1909f56bfc062723c751e8b465ee728b)  -> (artifact id: '7e54e7148ad83375921e864613e4a744') in 0.011525 seconds 
  Import took 0.016927 seconds .

========================================================================
Received Import Request.
  Time since last request: 5.602611 seconds.
  path: Assets/Animations/Animator/Player.controller
  artifactKey: Guid(522c04e09bc10f948ac117e457a753af) Importer(815301076,1909f56bfc062723c751e8b465ee728b)
Start importing Assets/Animations/Animator/Player.controller using Guid(522c04e09bc10f948ac117e457a753af) Importer(815301076,1909f56bfc062723c751e8b465ee728b)  -> (artifact id: 'e8e50cce9a77bee0469aa5d42a41d6ad') in 0.005373 seconds 
  Import took 0.009939 seconds .

========================================================================
Received Import Request.
  Time since last request: 48.940213 seconds.
  path: Assets/Animations/mario_fliptoback.anim
  artifactKey: Guid(7660a14e378120240957e16034338823) Importer(815301076,1909f56bfc062723c751e8b465ee728b)
Start importing Assets/Animations/mario_fliptoback.anim using Guid(7660a14e378120240957e16034338823) Importer(815301076,1909f56bfc062723c751e8b465ee728b)  -> (artifact id: '3dd87465a435744e915ea882a8644ac2') in 0.010722 seconds 
  Import took 0.014267 seconds .

========================================================================
Received Import Request.
  Time since last request: 15.817388 seconds.
  path: Assets/Animations/mario_fliptoback 1.anim
  artifactKey: Guid(9459ec9dca127ee44886ab0f6b91421c) Importer(815301076,1909f56bfc062723c751e8b465ee728b)
Start importing Assets/Animations/mario_fliptoback 1.anim using Guid(9459ec9dca127ee44886ab0f6b91421c) Importer(815301076,1909f56bfc062723c751e8b465ee728b)  -> (artifact id: 'fbd3c4ae54098de45ec9cabafc6c1141') in 0.009935 seconds 
  Import took 0.013987 seconds .

========================================================================
Received Import Request.
  Time since last request: 6.102020 seconds.
  path: Assets/Animations/drmario_fliptoback.anim
  artifactKey: Guid(9459ec9dca127ee44886ab0f6b91421c) Importer(815301076,1909f56bfc062723c751e8b465ee728b)
Start importing Assets/Animations/drmario_fliptoback.anim using Guid(9459ec9dca127ee44886ab0f6b91421c) Importer(815301076,1909f56bfc062723c751e8b465ee728b)  -> (artifact id: 'e7a6a3245e1561e622ad93e3cd2aa6da') in 0.011098 seconds 
  Import took 0.015532 seconds .

========================================================================
Received Import Request.
  Time since last request: 1.812476 seconds.
  path: Assets/Animations/drmario_back_idle.anim
  artifactKey: Guid(7c3bb628adc96e645953e891bf6cf02a) Importer(815301076,1909f56bfc062723c751e8b465ee728b)
Start importing Assets/Animations/drmario_back_idle.anim using Guid(7c3bb628adc96e645953e891bf6cf02a) Importer(815301076,1909f56bfc062723c751e8b465ee728b)  -> (artifact id: '41e6e79fe04ed525026eced0f47e3ca5') in 0.004179 seconds 
  Import took 0.008923 seconds .

========================================================================
Received Import Request.
  Time since last request: 78.495947 seconds.
  path: Assets/Animations/mario_fliptofront.anim
  artifactKey: Guid(6921f2ceb0391f34db8cdffff9d1c138) Importer(815301076,1909f56bfc062723c751e8b465ee728b)
Start importing Assets/Animations/mario_fliptofront.anim using Guid(6921f2ceb0391f34db8cdffff9d1c138) Importer(815301076,1909f56bfc062723c751e8b465ee728b)  -> (artifact id: '23c96b698e322b56f377581588b82593') in 0.014283 seconds 
  Import took 0.018844 seconds .

========================================================================
Received Import Request.
  Time since last request: 3.155609 seconds.
  path: Assets/Animations/mario_fliptofront 1.anim
  artifactKey: Guid(50a2ac57da66a6c4bbd70dd8fba67fc2) Importer(815301076,1909f56bfc062723c751e8b465ee728b)
Start importing Assets/Animations/mario_fliptofront 1.anim using Guid(50a2ac57da66a6c4bbd70dd8fba67fc2) Importer(815301076,1909f56bfc062723c751e8b465ee728b)  -> (artifact id: 'c3b9895b892094f81b9a5ec8369c806d') in 0.009607 seconds 
  Import took 0.013884 seconds .

========================================================================
Received Import Request.
  Time since last request: 8.542534 seconds.
  path: Assets/Animations/drmario_fliptofront.anim
  artifactKey: Guid(50a2ac57da66a6c4bbd70dd8fba67fc2) Importer(815301076,1909f56bfc062723c751e8b465ee728b)
Start importing Assets/Animations/drmario_fliptofront.anim using Guid(50a2ac57da66a6c4bbd70dd8fba67fc2) Importer(815301076,1909f56bfc062723c751e8b465ee728b)  -> (artifact id: '0cf2928cbf84387e83d1c5d96a97b237') in 0.011978 seconds 
  Import took 0.015960 seconds .

========================================================================
Received Import Request.
  Time since last request: 9.268220 seconds.
  path: Assets/Animations/drmario_fliptoback.anim
  artifactKey: Guid(9459ec9dca127ee44886ab0f6b91421c) Importer(815301076,1909f56bfc062723c751e8b465ee728b)
Start importing Assets/Animations/drmario_fliptoback.anim using Guid(9459ec9dca127ee44886ab0f6b91421c) Importer(815301076,1909f56bfc062723c751e8b465ee728b)  -> (artifact id: '066ab9725117917a1049de35edf83df6') in 0.003591 seconds 
  Import took 0.007033 seconds .

========================================================================
Received Import Request.
  Time since last request: 48.496147 seconds.
  path: Assets/Animations/Animator/Player.controller
  artifactKey: Guid(522c04e09bc10f948ac117e457a753af) Importer(815301076,1909f56bfc062723c751e8b465ee728b)
Start importing Assets/Animations/Animator/Player.controller using Guid(522c04e09bc10f948ac117e457a753af) Importer(815301076,1909f56bfc062723c751e8b465ee728b)  -> (artifact id: 'c8ca475e0541ed56ad1c2aa97cc84858') in 0.009802 seconds 
  Import took 0.013156 seconds .

========================================================================
Received Import Request.
  Time since last request: 2.649899 seconds.
  path: Assets/Animations/Animator/drMario.controller
  artifactKey: Guid(a055f0b0a487b2942b3564b3f1299e6f) Importer(815301076,1909f56bfc062723c751e8b465ee728b)
Start importing Assets/Animations/Animator/drMario.controller using Guid(a055f0b0a487b2942b3564b3f1299e6f) Importer(815301076,1909f56bfc062723c751e8b465ee728b)  -> (artifact id: '858856dc38b6c7bcd04b72256e3f96a8') in 0.004620 seconds 
  Import took 0.008066 seconds .

========================================================================
Received Import Request.
  Time since last request: 25.191614 seconds.
  path: Assets/Animations/Animator/drMario.controller
  artifactKey: Guid(a055f0b0a487b2942b3564b3f1299e6f) Importer(815301076,1909f56bfc062723c751e8b465ee728b)
Start importing Assets/Animations/Animator/drMario.controller using Guid(a055f0b0a487b2942b3564b3f1299e6f) Importer(815301076,1909f56bfc062723c751e8b465ee728b)  -> (artifact id: 'ffbaa7169716e10a72f5242aed8ba930') in 0.005494 seconds 
  Import took 0.009417 seconds .

========================================================================
Received Prepare
Registering precompiled user dll's ...
Registered in 0.003482 seconds.
Begin MonoManager ReloadAssembly
Native extension for WindowsStandalone target not found
Refreshing native plugins compatible for Editor in 0.77 ms, found 3 plugins.
Preloading 0 native plugins for Editor in 0.00 ms.
Mono: successfully reloaded assembly
- Completed reload, in  0.826 seconds
Domain Reload Profiling:
	ReloadAssembly (827ms)
		BeginReloadAssembly (106ms)
			ExecutionOrderSort (0ms)
			DisableScriptedObjects (6ms)
			BackupInstance (0ms)
			ReleaseScriptingObjects (0ms)
			CreateAndSetChildDomain (38ms)
		EndReloadAssembly (669ms)
			LoadAssemblies (69ms)
			RebuildTransferFunctionScriptingTraits (0ms)
			SetupTypeCache (223ms)
			ReleaseScriptCaches (1ms)
			RebuildScriptCaches (32ms)
			SetupLoadedEditorAssemblies (261ms)
				LogAssemblyErrors (0ms)
				InitializePlatformSupportModulesInManaged (6ms)
				SetLoadedEditorAssemblies (0ms)
				RefreshPlugins (1ms)
				BeforeProcessingInitializeOnLoad (79ms)
				ProcessInitializeOnLoadAttributes (166ms)
				ProcessInitializeOnLoadMethodAttributes (5ms)
				AfterProcessingInitializeOnLoad (5ms)
				EditorAssembliesLoaded (0ms)
			ExecutionOrderSort2 (0ms)
			AwakeInstancesAfterBackupRestoration (8ms)
Platform modules already initialized, skipping
Refreshing native plugins compatible for Editor in 0.66 ms, found 3 plugins.
Preloading 0 native plugins for Editor in 0.00 ms.
Unloading 2091 Unused Serialized files (Serialized files now loaded: 0)
System memory in use before: 97.2 MB.
System memory in use after: 97.3 MB.

Unloading 14 unused Assets to reduce memory usage. Loaded Objects now: 2565.
Total: 2.727100 ms (FindLiveObjects: 0.161300 ms CreateObjectMapping: 0.070400 ms MarkObjects: 2.462600 ms  DeleteObjects: 0.031500 ms)

AssetImportParameters requested are different than current active one (requested -> active):
  custom:framework-win-MediaFoundation: 216162199b28c13a410421893ffa2e32 -> 
  custom:video-decoder-ogg-theora: a1e56fd34408186e4bbccfd4996cb3dc -> 
  custom:container-muxer-webm: aa71ff27fc2769a1b78a27578f13a17b -> 
  custom:container-demuxer-webm: 4f35f7cbe854078d1ac9338744f61a02 -> 
  custom:container-demuxer-ogg: 62fdf1f143b41e24485cea50d1cbac27 -> 
  custom:video-encoder-webm-vp8: eb34c28f22e8b96e1ab97ce403110664 -> 
  custom:video-decoder-webm-vp8: 9c59270c3fd7afecdb556c50c9e8de78 -> 
  custom:audio-decoder-ogg-vorbis: bf7c407c2cedff20999df2af8eb42d56 -> 
  custom:audio-encoder-webm-vorbis: bf7c407c2cedff20999df2af8eb42d56 -> 
========================================================================
Received Prepare
Registering precompiled user dll's ...
Registered in 0.003511 seconds.
Begin MonoManager ReloadAssembly
Native extension for WindowsStandalone target not found
Refreshing native plugins compatible for Editor in 0.40 ms, found 3 plugins.
Preloading 0 native plugins for Editor in 0.00 ms.
Mono: successfully reloaded assembly
- Completed reload, in  0.869 seconds
Domain Reload Profiling:
	ReloadAssembly (870ms)
		BeginReloadAssembly (107ms)
			ExecutionOrderSort (0ms)
			DisableScriptedObjects (6ms)
			BackupInstance (0ms)
			ReleaseScriptingObjects (0ms)
			CreateAndSetChildDomain (32ms)
		EndReloadAssembly (697ms)
			LoadAssemblies (81ms)
			RebuildTransferFunctionScriptingTraits (0ms)
			SetupTypeCache (221ms)
			ReleaseScriptCaches (1ms)
			RebuildScriptCaches (30ms)
			SetupLoadedEditorAssemblies (289ms)
				LogAssemblyErrors (0ms)
				InitializePlatformSupportModulesInManaged (5ms)
				SetLoadedEditorAssemblies (0ms)
				RefreshPlugins (0ms)
				BeforeProcessingInitializeOnLoad (76ms)
				ProcessInitializeOnLoadAttributes (198ms)
				ProcessInitializeOnLoadMethodAttributes (4ms)
				AfterProcessingInitializeOnLoad (5ms)
				EditorAssembliesLoaded (0ms)
			ExecutionOrderSort2 (0ms)
			AwakeInstancesAfterBackupRestoration (9ms)
Platform modules already initialized, skipping
Refreshing native plugins compatible for Editor in 0.43 ms, found 3 plugins.
Preloading 0 native plugins for Editor in 0.00 ms.
Unloading 2091 Unused Serialized files (Serialized files now loaded: 0)
System memory in use before: 97.2 MB.
System memory in use after: 97.3 MB.

Unloading 14 unused Assets to reduce memory usage. Loaded Objects now: 2568.
Total: 2.381700 ms (FindLiveObjects: 0.158800 ms CreateObjectMapping: 0.074300 ms MarkObjects: 2.130100 ms  DeleteObjects: 0.017100 ms)

AssetImportParameters requested are different than current active one (requested -> active):
  custom:framework-win-MediaFoundation: 216162199b28c13a410421893ffa2e32 -> 
  custom:video-decoder-ogg-theora: a1e56fd34408186e4bbccfd4996cb3dc -> 
  custom:container-muxer-webm: aa71ff27fc2769a1b78a27578f13a17b -> 
  custom:container-demuxer-webm: 4f35f7cbe854078d1ac9338744f61a02 -> 
  custom:container-demuxer-ogg: 62fdf1f143b41e24485cea50d1cbac27 -> 
  custom:video-encoder-webm-vp8: eb34c28f22e8b96e1ab97ce403110664 -> 
  custom:video-decoder-webm-vp8: 9c59270c3fd7afecdb556c50c9e8de78 -> 
  custom:audio-decoder-ogg-vorbis: bf7c407c2cedff20999df2af8eb42d56 -> 
  custom:audio-encoder-webm-vorbis: bf7c407c2cedff20999df2af8eb42d56 -> 
========================================================================
Received Prepare
Registering precompiled user dll's ...
Registered in 0.002387 seconds.
Begin MonoManager ReloadAssembly
Native extension for WindowsStandalone target not found
Refreshing native plugins compatible for Editor in 0.43 ms, found 3 plugins.
Preloading 0 native plugins for Editor in 0.00 ms.
Mono: successfully reloaded assembly
- Completed reload, in  0.813 seconds
Domain Reload Profiling:
	ReloadAssembly (813ms)
		BeginReloadAssembly (108ms)
			ExecutionOrderSort (0ms)
			DisableScriptedObjects (6ms)
			BackupInstance (0ms)
			ReleaseScriptingObjects (0ms)
			CreateAndSetChildDomain (36ms)
		EndReloadAssembly (655ms)
			LoadAssemblies (71ms)
			RebuildTransferFunctionScriptingTraits (0ms)
			SetupTypeCache (227ms)
			ReleaseScriptCaches (1ms)
			RebuildScriptCaches (33ms)
			SetupLoadedEditorAssemblies (243ms)
				LogAssemblyErrors (0ms)
				InitializePlatformSupportModulesInManaged (4ms)
				SetLoadedEditorAssemblies (0ms)
				RefreshPlugins (0ms)
				BeforeProcessingInitializeOnLoad (77ms)
				ProcessInitializeOnLoadAttributes (152ms)
				ProcessInitializeOnLoadMethodAttributes (4ms)
				AfterProcessingInitializeOnLoad (5ms)
				EditorAssembliesLoaded (0ms)
			ExecutionOrderSort2 (0ms)
			AwakeInstancesAfterBackupRestoration (9ms)
Platform modules already initialized, skipping
Refreshing native plugins compatible for Editor in 0.42 ms, found 3 plugins.
Preloading 0 native plugins for Editor in 0.00 ms.
Unloading 2091 Unused Serialized files (Serialized files now loaded: 0)
System memory in use before: 97.2 MB.
System memory in use after: 97.3 MB.

Unloading 14 unused Assets to reduce memory usage. Loaded Objects now: 2571.
Total: 2.609000 ms (FindLiveObjects: 0.191400 ms CreateObjectMapping: 0.036900 ms MarkObjects: 2.361600 ms  DeleteObjects: 0.016800 ms)

AssetImportParameters requested are different than current active one (requested -> active):
  custom:framework-win-MediaFoundation: 216162199b28c13a410421893ffa2e32 -> 
  custom:video-decoder-ogg-theora: a1e56fd34408186e4bbccfd4996cb3dc -> 
  custom:container-muxer-webm: aa71ff27fc2769a1b78a27578f13a17b -> 
  custom:container-demuxer-webm: 4f35f7cbe854078d1ac9338744f61a02 -> 
  custom:container-demuxer-ogg: 62fdf1f143b41e24485cea50d1cbac27 -> 
  custom:video-encoder-webm-vp8: eb34c28f22e8b96e1ab97ce403110664 -> 
  custom:video-decoder-webm-vp8: 9c59270c3fd7afecdb556c50c9e8de78 -> 
  custom:audio-decoder-ogg-vorbis: bf7c407c2cedff20999df2af8eb42d56 -> 
  custom:audio-encoder-webm-vorbis: bf7c407c2cedff20999df2af8eb42d56 -> 
========================================================================
Received Prepare
Registering precompiled user dll's ...
Registered in 0.002847 seconds.
Begin MonoManager ReloadAssembly
Native extension for WindowsStandalone target not found
Refreshing native plugins compatible for Editor in 0.43 ms, found 3 plugins.
Preloading 0 native plugins for Editor in 0.00 ms.
Mono: successfully reloaded assembly
- Completed reload, in  0.837 seconds
Domain Reload Profiling:
	ReloadAssembly (838ms)
		BeginReloadAssembly (101ms)
			ExecutionOrderSort (0ms)
			DisableScriptedObjects (4ms)
			BackupInstance (0ms)
			ReleaseScriptingObjects (0ms)
			CreateAndSetChildDomain (33ms)
		EndReloadAssembly (682ms)
			LoadAssemblies (70ms)
			RebuildTransferFunctionScriptingTraits (0ms)
			SetupTypeCache (240ms)
			ReleaseScriptCaches (1ms)
			RebuildScriptCaches (33ms)
			SetupLoadedEditorAssemblies (254ms)
				LogAssemblyErrors (0ms)
				InitializePlatformSupportModulesInManaged (4ms)
				SetLoadedEditorAssemblies (0ms)
				RefreshPlugins (0ms)
				BeforeProcessingInitializeOnLoad (85ms)
				ProcessInitializeOnLoadAttributes (154ms)
				ProcessInitializeOnLoadMethodAttributes (4ms)
				AfterProcessingInitializeOnLoad (5ms)
				EditorAssembliesLoaded (0ms)
			ExecutionOrderSort2 (0ms)
			AwakeInstancesAfterBackupRestoration (8ms)
Platform modules already initialized, skipping
Refreshing native plugins compatible for Editor in 0.74 ms, found 3 plugins.
Preloading 0 native plugins for Editor in 0.00 ms.
Unloading 2091 Unused Serialized files (Serialized files now loaded: 0)
System memory in use before: 97.2 MB.
System memory in use after: 97.3 MB.

Unloading 14 unused Assets to reduce memory usage. Loaded Objects now: 2574.
Total: 4.623100 ms (FindLiveObjects: 0.226700 ms CreateObjectMapping: 0.075500 ms MarkObjects: 4.295500 ms  DeleteObjects: 0.023800 ms)

AssetImportParameters requested are different than current active one (requested -> active):
  custom:framework-win-MediaFoundation: 216162199b28c13a410421893ffa2e32 -> 
  custom:video-decoder-ogg-theora: a1e56fd34408186e4bbccfd4996cb3dc -> 
  custom:container-muxer-webm: aa71ff27fc2769a1b78a27578f13a17b -> 
  custom:container-demuxer-webm: 4f35f7cbe854078d1ac9338744f61a02 -> 
  custom:container-demuxer-ogg: 62fdf1f143b41e24485cea50d1cbac27 -> 
  custom:video-encoder-webm-vp8: eb34c28f22e8b96e1ab97ce403110664 -> 
  custom:video-decoder-webm-vp8: 9c59270c3fd7afecdb556c50c9e8de78 -> 
  custom:audio-decoder-ogg-vorbis: bf7c407c2cedff20999df2af8eb42d56 -> 
  custom:audio-encoder-webm-vorbis: bf7c407c2cedff20999df2af8eb42d56 -> 
========================================================================
Received Prepare
Registering precompiled user dll's ...
Registered in 0.002666 seconds.
Begin MonoManager ReloadAssembly
Native extension for WindowsStandalone target not found
Refreshing native plugins compatible for Editor in 0.38 ms, found 3 plugins.
Preloading 0 native plugins for Editor in 0.00 ms.
Mono: successfully reloaded assembly
- Completed reload, in  0.833 seconds
Domain Reload Profiling:
	ReloadAssembly (834ms)
		BeginReloadAssembly (98ms)
			ExecutionOrderSort (0ms)
			DisableScriptedObjects (4ms)
			BackupInstance (0ms)
			ReleaseScriptingObjects (0ms)
			CreateAndSetChildDomain (30ms)
		EndReloadAssembly (690ms)
			LoadAssemblies (76ms)
			RebuildTransferFunctionScriptingTraits (0ms)
			SetupTypeCache (252ms)
			ReleaseScriptCaches (1ms)
			RebuildScriptCaches (31ms)
			SetupLoadedEditorAssemblies (249ms)
				LogAssemblyErrors (0ms)
				InitializePlatformSupportModulesInManaged (4ms)
				SetLoadedEditorAssemblies (1ms)
				RefreshPlugins (0ms)
				BeforeProcessingInitializeOnLoad (82ms)
				ProcessInitializeOnLoadAttributes (152ms)
				ProcessInitializeOnLoadMethodAttributes (4ms)
				AfterProcessingInitializeOnLoad (5ms)
				EditorAssembliesLoaded (0ms)
			ExecutionOrderSort2 (0ms)
			AwakeInstancesAfterBackupRestoration (8ms)
Platform modules already initialized, skipping
Refreshing native plugins compatible for Editor in 0.57 ms, found 3 plugins.
Preloading 0 native plugins for Editor in 0.00 ms.
Unloading 2091 Unused Serialized files (Serialized files now loaded: 0)
System memory in use before: 97.2 MB.
System memory in use after: 97.3 MB.

Unloading 14 unused Assets to reduce memory usage. Loaded Objects now: 2577.
Total: 2.510700 ms (FindLiveObjects: 0.190300 ms CreateObjectMapping: 0.084200 ms MarkObjects: 2.201800 ms  DeleteObjects: 0.033100 ms)

AssetImportParameters requested are different than current active one (requested -> active):
  custom:framework-win-MediaFoundation: 216162199b28c13a410421893ffa2e32 -> 
  custom:video-decoder-ogg-theora: a1e56fd34408186e4bbccfd4996cb3dc -> 
  custom:container-muxer-webm: aa71ff27fc2769a1b78a27578f13a17b -> 
  custom:container-demuxer-webm: 4f35f7cbe854078d1ac9338744f61a02 -> 
  custom:container-demuxer-ogg: 62fdf1f143b41e24485cea50d1cbac27 -> 
  custom:video-encoder-webm-vp8: eb34c28f22e8b96e1ab97ce403110664 -> 
  custom:video-decoder-webm-vp8: 9c59270c3fd7afecdb556c50c9e8de78 -> 
  custom:audio-decoder-ogg-vorbis: bf7c407c2cedff20999df2af8eb42d56 -> 
  custom:audio-encoder-webm-vorbis: bf7c407c2cedff20999df2af8eb42d56 -> 
========================================================================
Received Prepare
Registering precompiled user dll's ...
Registered in 0.004621 seconds.
Begin MonoManager ReloadAssembly
Native extension for WindowsStandalone target not found
Refreshing native plugins compatible for Editor in 0.46 ms, found 3 plugins.
Preloading 0 native plugins for Editor in 0.00 ms.
Mono: successfully reloaded assembly
- Completed reload, in  0.824 seconds
Domain Reload Profiling:
	ReloadAssembly (824ms)
		BeginReloadAssembly (114ms)
			ExecutionOrderSort (0ms)
			DisableScriptedObjects (7ms)
			BackupInstance (0ms)
			ReleaseScriptingObjects (0ms)
			CreateAndSetChildDomain (39ms)
		EndReloadAssembly (660ms)
			LoadAssemblies (85ms)
			RebuildTransferFunctionScriptingTraits (0ms)
			SetupTypeCache (234ms)
			ReleaseScriptCaches (1ms)
			RebuildScriptCaches (32ms)
			SetupLoadedEditorAssemblies (239ms)
				LogAssemblyErrors (0ms)
				InitializePlatformSupportModulesInManaged (4ms)
				SetLoadedEditorAssemblies (0ms)
				RefreshPlugins (1ms)
				BeforeProcessingInitializeOnLoad (77ms)
				ProcessInitializeOnLoadAttributes (148ms)
				ProcessInitializeOnLoadMethodAttributes (5ms)
				AfterProcessingInitializeOnLoad (5ms)
				EditorAssembliesLoaded (0ms)
			ExecutionOrderSort2 (0ms)
			AwakeInstancesAfterBackupRestoration (8ms)
Platform modules already initialized, skipping
Refreshing native plugins compatible for Editor in 0.39 ms, found 3 plugins.
Preloading 0 native plugins for Editor in 0.00 ms.
Unloading 2091 Unused Serialized files (Serialized files now loaded: 0)
System memory in use before: 97.2 MB.
System memory in use after: 97.3 MB.

Unloading 14 unused Assets to reduce memory usage. Loaded Objects now: 2580.
Total: 3.946500 ms (FindLiveObjects: 0.300300 ms CreateObjectMapping: 0.175500 ms MarkObjects: 3.447000 ms  DeleteObjects: 0.022400 ms)

AssetImportParameters requested are different than current active one (requested -> active):
  custom:framework-win-MediaFoundation: 216162199b28c13a410421893ffa2e32 -> 
  custom:video-decoder-ogg-theora: a1e56fd34408186e4bbccfd4996cb3dc -> 
  custom:container-muxer-webm: aa71ff27fc2769a1b78a27578f13a17b -> 
  custom:container-demuxer-webm: 4f35f7cbe854078d1ac9338744f61a02 -> 
  custom:container-demuxer-ogg: 62fdf1f143b41e24485cea50d1cbac27 -> 
  custom:video-encoder-webm-vp8: eb34c28f22e8b96e1ab97ce403110664 -> 
  custom:video-decoder-webm-vp8: 9c59270c3fd7afecdb556c50c9e8de78 -> 
  custom:audio-decoder-ogg-vorbis: bf7c407c2cedff20999df2af8eb42d56 -> 
  custom:audio-encoder-webm-vorbis: bf7c407c2cedff20999df2af8eb42d56 -> 
========================================================================
Received Prepare
Registering precompiled user dll's ...
Registered in 0.002501 seconds.
Begin MonoManager ReloadAssembly
Native extension for WindowsStandalone target not found
Refreshing native plugins compatible for Editor in 0.45 ms, found 3 plugins.
Preloading 0 native plugins for Editor in 0.00 ms.
Mono: successfully reloaded assembly
- Completed reload, in  0.835 seconds
Domain Reload Profiling:
	ReloadAssembly (835ms)
		BeginReloadAssembly (97ms)
			ExecutionOrderSort (0ms)
			DisableScriptedObjects (4ms)
			BackupInstance (0ms)
			ReleaseScriptingObjects (0ms)
			CreateAndSetChildDomain (28ms)
		EndReloadAssembly (678ms)
			LoadAssemblies (72ms)
			RebuildTransferFunctionScriptingTraits (0ms)
			SetupTypeCache (238ms)
			ReleaseScriptCaches (1ms)
			RebuildScriptCaches (33ms)
			SetupLoadedEditorAssemblies (256ms)
				LogAssemblyErrors (0ms)
				InitializePlatformSupportModulesInManaged (4ms)
				SetLoadedEditorAssemblies (0ms)
				RefreshPlugins (0ms)
				BeforeProcessingInitializeOnLoad (83ms)
				ProcessInitializeOnLoadAttributes (157ms)
				ProcessInitializeOnLoadMethodAttributes (6ms)
				AfterProcessingInitializeOnLoad (5ms)
				EditorAssembliesLoaded (0ms)
			ExecutionOrderSort2 (0ms)
			AwakeInstancesAfterBackupRestoration (8ms)
Platform modules already initialized, skipping
Refreshing native plugins compatible for Editor in 0.41 ms, found 3 plugins.
Preloading 0 native plugins for Editor in 0.00 ms.
Unloading 2091 Unused Serialized files (Serialized files now loaded: 0)
System memory in use before: 97.2 MB.
System memory in use after: 97.3 MB.

Unloading 14 unused Assets to reduce memory usage. Loaded Objects now: 2583.
Total: 2.547300 ms (FindLiveObjects: 0.151000 ms CreateObjectMapping: 0.039900 ms MarkObjects: 2.338400 ms  DeleteObjects: 0.017100 ms)

AssetImportParameters requested are different than current active one (requested -> active):
  custom:framework-win-MediaFoundation: 216162199b28c13a410421893ffa2e32 -> 
  custom:video-decoder-ogg-theora: a1e56fd34408186e4bbccfd4996cb3dc -> 
  custom:container-muxer-webm: aa71ff27fc2769a1b78a27578f13a17b -> 
  custom:container-demuxer-webm: 4f35f7cbe854078d1ac9338744f61a02 -> 
  custom:container-demuxer-ogg: 62fdf1f143b41e24485cea50d1cbac27 -> 
  custom:video-encoder-webm-vp8: eb34c28f22e8b96e1ab97ce403110664 -> 
  custom:video-decoder-webm-vp8: 9c59270c3fd7afecdb556c50c9e8de78 -> 
  custom:audio-decoder-ogg-vorbis: bf7c407c2cedff20999df2af8eb42d56 -> 
  custom:audio-encoder-webm-vorbis: bf7c407c2cedff20999df2af8eb42d56 -> 
========================================================================
Received Prepare
Registering precompiled user dll's ...
Registered in 0.002700 seconds.
Begin MonoManager ReloadAssembly
Native extension for WindowsStandalone target not found
Refreshing native plugins compatible for Editor in 0.47 ms, found 3 plugins.
Preloading 0 native plugins for Editor in 0.00 ms.
Mono: successfully reloaded assembly
- Completed reload, in  0.802 seconds
Domain Reload Profiling:
	ReloadAssembly (803ms)
		BeginReloadAssembly (94ms)
			ExecutionOrderSort (0ms)
			DisableScriptedObjects (4ms)
			BackupInstance (0ms)
			ReleaseScriptingObjects (0ms)
			CreateAndSetChildDomain (28ms)
		EndReloadAssembly (659ms)
			LoadAssemblies (81ms)
			RebuildTransferFunctionScriptingTraits (0ms)
			SetupTypeCache (224ms)
			ReleaseScriptCaches (2ms)
			RebuildScriptCaches (37ms)
			SetupLoadedEditorAssemblies (238ms)
				LogAssemblyErrors (0ms)
				InitializePlatformSupportModulesInManaged (4ms)
				SetLoadedEditorAssemblies (0ms)
				RefreshPlugins (1ms)
				BeforeProcessingInitializeOnLoad (74ms)
				ProcessInitializeOnLoadAttributes (150ms)
				ProcessInitializeOnLoadMethodAttributes (4ms)
				AfterProcessingInitializeOnLoad (5ms)
				EditorAssembliesLoaded (0ms)
			ExecutionOrderSort2 (0ms)
			AwakeInstancesAfterBackupRestoration (8ms)
Platform modules already initialized, skipping
Refreshing native plugins compatible for Editor in 0.49 ms, found 3 plugins.
Preloading 0 native plugins for Editor in 0.00 ms.
Unloading 2091 Unused Serialized files (Serialized files now loaded: 0)
System memory in use before: 97.2 MB.
System memory in use after: 97.3 MB.

Unloading 14 unused Assets to reduce memory usage. Loaded Objects now: 2586.
Total: 5.116300 ms (FindLiveObjects: 0.658600 ms CreateObjectMapping: 0.319900 ms MarkObjects: 4.106700 ms  DeleteObjects: 0.029000 ms)

AssetImportParameters requested are different than current active one (requested -> active):
  custom:framework-win-MediaFoundation: 216162199b28c13a410421893ffa2e32 -> 
  custom:video-decoder-ogg-theora: a1e56fd34408186e4bbccfd4996cb3dc -> 
  custom:container-muxer-webm: aa71ff27fc2769a1b78a27578f13a17b -> 
  custom:container-demuxer-webm: 4f35f7cbe854078d1ac9338744f61a02 -> 
  custom:container-demuxer-ogg: 62fdf1f143b41e24485cea50d1cbac27 -> 
  custom:video-encoder-webm-vp8: eb34c28f22e8b96e1ab97ce403110664 -> 
  custom:video-decoder-webm-vp8: 9c59270c3fd7afecdb556c50c9e8de78 -> 
  custom:audio-decoder-ogg-vorbis: bf7c407c2cedff20999df2af8eb42d56 -> 
  custom:audio-encoder-webm-vorbis: bf7c407c2cedff20999df2af8eb42d56 -> 
========================================================================
Received Prepare
Refreshing native plugins compatible for Editor in 4.30 ms, found 3 plugins.
Preloading 0 native plugins for Editor in 0.00 ms.
Unloading 12 Unused Serialized files (Serialized files now loaded: 0)
System memory in use before: 55.5 MB.
System memory in use after: 55.6 MB.

Unloading 12 unused Assets to reduce memory usage. Loaded Objects now: 2586.
Total: 4.333200 ms (FindLiveObjects: 0.179400 ms CreateObjectMapping: 0.058000 ms MarkObjects: 4.065800 ms  DeleteObjects: 0.028700 ms)

AssetImportParameters requested are different than current active one (requested -> active):
  custom:framework-win-MediaFoundation: 216162199b28c13a410421893ffa2e32 -> 
  custom:video-decoder-ogg-theora: a1e56fd34408186e4bbccfd4996cb3dc -> 
  custom:container-muxer-webm: aa71ff27fc2769a1b78a27578f13a17b -> 
  custom:container-demuxer-webm: 4f35f7cbe854078d1ac9338744f61a02 -> 
  custom:container-demuxer-ogg: 62fdf1f143b41e24485cea50d1cbac27 -> 
  custom:video-encoder-webm-vp8: eb34c28f22e8b96e1ab97ce403110664 -> 
  custom:video-decoder-webm-vp8: 9c59270c3fd7afecdb556c50c9e8de78 -> 
  custom:audio-decoder-ogg-vorbis: bf7c407c2cedff20999df2af8eb42d56 -> 
  custom:audio-encoder-webm-vorbis: bf7c407c2cedff20999df2af8eb42d56 -> 
AssetImportWorkerClient::OnTransportError - code=2 error=End of file
